#-----------------------------------------------------------
# Vivado v2020.1 (64-bit)
# SW Build 2902540 on Wed May 27 19:54:49 MDT 2020
# IP Build 2902112 on Wed May 27 22:43:36 MDT 2020
# Start of session at: Mon Sep  5 19:44:04 2022
# Process ID: 27828
# Current directory: C:/Users/amagi/Desktop/v2_RANDOM_SOL_GEN_FRAMEWORK/Vivado_Project
# Command line: vivado.exe -gui_launcher_event rodinguilauncherevent2052 C:\Users\amagi\Desktop\v2_RANDOM_SOL_GEN_FRAMEWORK\Vivado_Project\Vivado_Project.xpr
# Log file: C:/Users/amagi/Desktop/v2_RANDOM_SOL_GEN_FRAMEWORK/Vivado_Project/vivado.log
# Journal file: C:/Users/amagi/Desktop/v2_RANDOM_SOL_GEN_FRAMEWORK/Vivado_Project\vivado.jou
#-----------------------------------------------------------
start_gui
open_project C:/Users/amagi/Desktop/v2_RANDOM_SOL_GEN_FRAMEWORK/Vivado_Project/Vivado_Project.xpr
Scanning sources...
Finished scanning sources
INFO: [IP_Flow 19-234] Refreshing IP repositories
INFO: [IP_Flow 19-1704] No user IP repositories specified
INFO: [IP_Flow 19-2313] Loaded Vivado IP repository 'C:/Xilinx/Vivado/2020.1/data/ip'.
update_compile_order -fileset sources_1
exit
INFO: [Common 17-206] Exiting Vivado at Mon Sep  5 19:46:21 2022...
